{"level":"info","message":"Publisher service running, listening on port 3000","service":"smoke-signal-service","time":"2022-06-16T19:06:35.191Z"}
{"level":"info","message":"Publisher service running, listening on port 3000","service":"smoke-signal-service","time":"2022-06-16T19:06:51.360Z"}
{"level":"info","message":"Publisher service running, listening on port 3000","service":"smoke-signal-service","time":"2022-06-16T19:07:07.902Z"}
{"level":"info","message":"Entry POint","service":"smoke-signal-service","time":"2022-06-16T19:07:57.217Z"}
{"level":"info","message":"Publisher service running, listening on port 3000","service":"smoke-signal-service","time":"2022-06-16T19:07:57.217Z"}
{"level":"info","message":"Entry Point","service":"smoke-signal-service","time":"2022-06-16T19:08:02.746Z"}
{"level":"info","message":"Publisher service running, listening on port 3000","service":"smoke-signal-service","time":"2022-06-16T19:08:02.746Z"}
{"level":"info","message":"Entry Point","service":"smoke-signal-service","time":"2022-06-16T19:08:19.122Z"}
{"level":"info","message":"Publisher service running, listening on port 3000","service":"smoke-signal-service","time":"2022-06-16T19:08:19.122Z"}
{"level":"info","message":"Entry Point","service":"smoke-signal-service","time":"2022-06-16T19:10:51.595Z"}
{"level":"info","message":"Publisher service running, listening on port 3000","service":"smoke-signal-service","time":"2022-06-16T19:10:51.595Z"}
2022-06-16T19:16:42.408Z - info: 		 Entry Point
2022-06-16T19:16:42.414Z - info: 		 Publisher service running, listening on port 3000
2022-06-16T19:18:49.271Z - info: 		 Entry Point
2022-06-16T19:18:49.287Z - info: 		 Publisher service running, listening on port 3000
2022-06-16T19:19:03.685Z - info: 		 Publisher service running, listening on port 3000
2022-06-16T19:30:51.597Z - info: 		 Publisher service running, listening on port 3000
2022-06-16T19:31:06.049Z - info: 		 Publisher service running, listening on port 3000
(time) => {
  return new Date(time).toLocaleString('en-ZA');
} - info: 		 Publisher service running, listening on port 3000
2022/06/16, 21:31:25 - info: 		 Publisher service running, listening on port 3000
16/06/2022, 21:31:56 - info: 		 Publisher service running, listening on port 3000
16/06/2022, 21:34:09 - info: 		 Publisher service running, listening on port 3000
16/06/2022, 21:36:27 - info: 		 Publisher service running, listening on port 3000
16/06/2022, 21:37:05 - info: 		 Publisher service running, listening on port 3000
16/06/2022, 21:37:21 - info: 		 Publisher service running, listening on port 3000
16/06/2022, 21:39:58 - info: 		 Publisher service running, listening on port 3000
16/06/2022, 21:41:54 - info: 		 Publisher service running, listening on port 3000
16/06/2022, 21:43:59 - info: 		 Publisher service running, listening on port 3000
16/06/2022, 21:44:24 - info: 		 Publisher service running, listening on port 3000
16/06/2022, 21:49:10 - info: 		 Publisher service running, listening on port 3000
16/06/2022, 21:50:45 - info: 		 Publisher service running, listening on port 3000
16/06/2022, 21:51:02 - info: 		 Publisher service running, listening on port 3000
16/06/2022, 21:52:45 - info: 		 Publisher service running, listening on port 3000
16/06/2022, 21:53:39 - info: 		 Publisher service running, listening on port 3000
16/06/2022, 21:53:46 - info: 		 Publisher service running, listening on port 3000
16/06/2022, 21:54:20 - info: 		 Publisher service running, listening on port 3000
16/06/2022, 21:56:22 - info: 		 Publisher service running, listening on port 3000
16/06/2022, 21:56:34 - info: 		 Publisher service running, listening on port 3000
16/06/2022, 21:56:46 - info: 		 Publisher service running, listening on port 3000
16/06/2022, 21:56:49 - info: 		 Publisher service running, listening on port 3000
16/06/2022, 21:56:58 - info: 		 Publisher service running, listening on port 3000
16/06/2022, 22:00:07 - info: 		 Publish service
16/06/2022, 22:00:07 - info: 		 Publisher service running, listening on port 3000
16/06/2022, 22:03:34 - info: 		 Publish service
16/06/2022, 22:03:34 - info: 		 Publisher service running, listening on port 3000
16/06/2022, 22:03:50 - info: 		 Publish service
16/06/2022, 22:03:50 - info: 		 Publisher service running, listening on port 3000
16/06/2022, 22:04:24 - info: 		 Publish service
16/06/2022, 22:04:24 - info: 		 Publisher service running, listening on port 3000
16/06/2022, 22:04:43 - info: 		 Publish service
16/06/2022, 22:04:43 - info: 		 Publisher service running, listening on port 3000
16/06/2022, 22:05:07 - info: 		 Publish service
16/06/2022, 22:05:07 - info: 		 Publisher service running, listening on port 3000
16/06/2022, 22:05:22 - info: 		 Publish service
16/06/2022, 22:05:22 - info: 		 Publisher service running, listening on port 3000
16/06/2022, 22:05:24 - error: 		 ERROR - publishService(publish) - {}
16/06/2022, 22:06:09 - info: 		 Publish service
16/06/2022, 22:06:09 - info: 		 Publisher service running, listening on port 3000
16/06/2022, 22:06:13 - info: 		 Publish service
16/06/2022, 22:06:13 - info: 		 Publisher service running, listening on port 3000
16/06/2022, 22:06:17 - info: 		 Publish service
16/06/2022, 22:06:17 - info: 		 Publisher service running, listening on port 3000
16/06/2022, 22:06:56 - info: 		 Publish service
16/06/2022, 22:06:56 - info: 		 Publisher service running, listening on port 3000
16/06/2022, 22:07:42 - error: 		 ERROR - publishService(publish) - {}
16/06/2022, 22:07:54 - error: 		 ERROR - publishService(publish) - {}
16/06/2022, 22:08:29 - info: 		 Publish service
16/06/2022, 22:08:29 - info: 		 Publisher service running, listening on port 3000
16/06/2022, 22:09:23 - info: 		 Publish service
16/06/2022, 22:09:23 - info: 		 Publisher service running, listening on port 3000
17/06/2022, 08:17:53 - info: 		 Publish service
17/06/2022, 08:17:53 - info: 		 Publisher service running, listening on port 3000
20/06/2022, 19:10:45 - info: 		 Publish service
20/06/2022, 19:10:45 - info: 		 Publisher service running, listening on port 3000
20/06/2022, 19:36:05 - info: 		 Publish service
20/06/2022, 19:36:05 - info: 		 Publisher service running, listening on port 3000
